<?xml version="1.0" encoding="utf-8"?><testsuites><testsuite name="pytest" errors="0" failures="1" skipped="0" tests="15" time="105.741" timestamp="2022-03-01T22:50:21.470293" hostname="DESKTOP-KL6VQQI"><testcase classname="TestCases.Test0LoginCases.test_00_login.TestLogin" name="test_login_0_user_wrongFormat[phone_data0]" time="4.769" /><testcase classname="TestCases.Test0LoginCases.test_00_login.TestLogin" name="test_login_0_user_wrongFormat[phone_data1]" time="0.675" /><testcase classname="TestCases.Test0LoginCases.test_00_login.TestLogin" name="test_login_0_user_wrongFormat[phone_data2]" time="0.684" /><testcase classname="TestCases.Test0LoginCases.test_00_login.TestLogin" name="test_login_0_user_wrongFormat[phone_data3]" time="0.698" /><testcase classname="TestCases.Test0LoginCases.test_00_login.TestLogin" name="test_login_0_user_wrongFormat[phone_data4]" time="0.613" /><testcase classname="TestCases.Test0LoginCases.test_00_login.TestLogin" name="test_login_0_wrongPwd_noReg[phone_pwd_data0]" time="1.189" /><testcase classname="TestCases.Test0LoginCases.test_00_login.TestLogin" name="test_login_0_wrongPwd_noReg[phone_pwd_data1]" time="1.253" /><testcase classname="TestCases.Test0LoginCases.test_00_login.TestLogin" name="test_login_0_wrongPwd_noReg[phone_pwd_data2]" time="1.198" /><testcase classname="TestCases.Test0LoginCases.test_00_login.TestLogin" name="test_login_0_wrongPwd_noReg[phone_pwd_data3]" time="1.177" /><testcase classname="TestCases.Test0LoginCases.test_00_login.TestLogin" name="test_login_1_success[success_data0]" time="3.689" /><testcase classname="TestCases.Test1InvestCases.test_01_invest.TestInvest" name="test_invest_0_failed_no100[no100_data0]" time="16.188" /><testcase classname="TestCases.Test1InvestCases.test_01_invest.TestInvest" name="test_invest_0_failed_no100[no100_data1]" time="5.975" /><testcase classname="TestCases.Test1InvestCases.test_01_invest.TestInvest" name="test_invest_0_failed_no10[no10_data0]" time="5.534" /><testcase classname="TestCases.Test1InvestCases.test_01_invest.TestInvest" name="test_invest_0_failed_no10[no10_data1]" time="5.499" /><testcase classname="TestCases.Test1InvestCases.test_01_invest.TestInvest" name="test_invest_1_success[success_data0]" time="29.571"><failure message="TypeError: list indices must be integers or slices, not str">self = &lt;TestCases.Test1InvestCases.test_01_invest.TestInvest object at 0x0000023483D86370&gt;
access_web = (&lt;selenium.webdriver.chrome.webdriver.WebDriver (session="297d028858fa50731098379793cd1aff")&gt;, &lt;PageObjects.login_page.LoginPage object at 0x00000234847D49A0&gt;)
success_data = {'amount': '100.00', 'title': '正常投资'}

    @pytest.mark.smoke
    @pytest.mark.parametrize("success_data", BD.success_data)
    def test_invest_1_success(self, access_web, success_data):
        my_log.info("****正常用例——{}****".format(success_data['title']))
        bid = BidPage(access_web[0])
        user = UserPage(access_web[0])
        # index = IndexPage(access_web[0])
        # access_web[1].login(LD.success_data['user'], LD.success_data['password'])
        # index.click_first_bid()
        # 步骤
        # 1、在首页选标 不根据标名，根据抢投标按钮。默认第一个标。初始化已实现
        # self.index.click_first_bid()
        # 标页面-获取一下投资前的用户余额
        before_amount = bid.get_user_money()
        # print(before_amount)
        # 2、标页面-输入投资金额，点击投资按钮
&gt;       bid.invest(BD.success_data['amount'])
E       TypeError: list indices must be integers or slices, not str

TestCases\Test1InvestCases\test_01_invest.py:132: TypeError</failure></testcase></testsuite></testsuites>